<?xml version="1.0" encoding="UTF-8"?>
<!-- Generated by org.testng.reporters.JUnitReportReporter -->
<testsuite hostname="DESKTOP-8MHIK2P" failures="0" tests="1" name="Test01_GET" time="6.829" errors="0" timestamp="2021-06-19T19:43:41 BST" skipped="0">
  <testcase classname="Test01_GET" name="Create" time="6.829"/>
  <system-out/>
</testsuite> <!-- Test01_GET -->
