<?xml version="1.0" encoding="UTF-8"?>
<!-- Generated by org.testng.reporters.JUnitReportReporter -->
<testsuite hostname="DESKTOP-8MHIK2P" failures="0" tests="3" name="APITests" time="2.517" errors="0" timestamp="2021-06-21T12:33:51 BST" skipped="0">
  <testcase classname="APITests" name="GetListResourceTest" time="2.142"/>
  <system-out/>
  <testcase classname="APITests" name="PostLoginSuccessful" time="0.174"/>
  <system-out/>
  <testcase classname="APITests" name="PostRegisterSuccessful" time="0.201"/>
  <system-out/>
</testsuite> <!-- APITests -->
