<?xml version="1.0" encoding="UTF-8"?>
<!-- Generated by org.testng.reporters.JUnitReportReporter -->
<testsuite hostname="DESKTOP-8MHIK2P" failures="0" tests="1" name="MyTests" time="0.005" errors="0" timestamp="2021-06-18T22:25:37 BST" skipped="0">
  <testcase classname="MyTests" name="testHelloWorld" time="0.005"/>
  <system-out/>
</testsuite> <!-- MyTests -->
